<?xml version="1.0" encoding="UTF-8"?>
<testsuite xmlns:xsi="http://www.w3.org/2001/XMLSchema-instance" xsi:noNamespaceSchemaLocation="https://maven.apache.org/surefire/maven-surefire-plugin/xsd/surefire-test-report.xsd" name="ru.zim.ates.common.schemaregistry.RegistryTest" time="1.75" tests="3" errors="0" skipped="0" failures="0">
  <properties>
[...]
</properties>
  <testcase name="serializationTest" classname="ru.zim.ates.common.schemaregistry.RegistryTest" time="0.485"/>
  <testcase name="validationTest" classname="ru.zim.ates.common.schemaregistry.RegistryTest" time="0.011"/>
  <testcase name="initResultTest" classname="ru.zim.ates.common.schemaregistry.RegistryTest" time="0.002"/>
</testsuite>